{"contracts/EasyAuction.sol":{"l":{"22":91,"26":89,"30":32,"35":32,"39":9,"43":7,"101":76,"102":76,"106":76,"110":75,"111":75,"126":75,"127":75,"136":85,"141":85,"142":85,"143":85,"144":87,"151":85,"156":84,"165":84,"166":83,"167":83,"175":82,"190":4,"191":4,"192":4,"193":4,"198":4,"202":3,"205":2,"206":2,"214":3,"227":6,"231":6,"232":6,"233":6,"234":5,"237":6,"238":8,"239":8,"240":8,"246":6,"248":6,"254":5,"255":5,"262":26,"264":26,"267":26,"270":26,"271":26,"272":26,"273":24,"275":26,"276":25,"277":25,"278":40,"279":40,"280":40,"283":26,"285":26,"292":13,"293":13,"294":12,"297":12,"302":12,"304":13,"309":7,"314":5,"317":5,"330":6,"331":6,"335":5,"343":22,"344":22,"356":7,"357":7,"359":7,"360":7,"361":9,"365":8,"367":8,"371":7,"372":2,"377":2,"381":5,"382":4,"386":1,"389":7,"391":5,"398":22,"400":22,"401":22,"403":22,"405":8,"408":8,"413":14,"417":22,"426":27,"427":27,"434":27,"444":93,"448":93,"449":93,"450":93,"454":171,"455":78,"457":93,"466":34,"467":1,"469":33,"477":1},"path":"/Users/alexherrmann/easyAuction/contracts/EasyAuction.sol","s":{"1":91,"2":32,"3":9,"4":76,"5":76,"6":76,"7":75,"8":75,"9":75,"10":85,"11":85,"12":85,"13":85,"14":87,"15":85,"16":84,"17":84,"18":83,"19":83,"20":82,"21":4,"22":4,"23":4,"24":4,"25":4,"26":3,"27":2,"28":2,"29":3,"30":6,"31":6,"32":6,"33":6,"34":5,"35":6,"36":8,"37":8,"38":8,"39":6,"40":6,"41":5,"42":5,"43":26,"44":26,"45":26,"46":26,"47":26,"48":26,"49":24,"50":26,"51":25,"52":25,"53":40,"54":40,"55":40,"56":26,"57":26,"58":13,"59":13,"60":12,"61":12,"62":12,"63":13,"64":7,"65":5,"66":5,"67":6,"68":6,"69":5,"70":22,"71":22,"72":7,"73":7,"74":7,"75":7,"76":9,"77":8,"78":8,"79":7,"80":2,"81":2,"82":5,"83":4,"84":1,"85":7,"86":5,"87":22,"88":22,"89":22,"90":22,"91":8,"92":8,"93":14,"94":22,"95":27,"96":27,"97":27,"98":93,"99":93,"100":93,"101":93,"102":171,"103":78,"104":93,"105":34,"106":1,"107":33,"108":1},"b":{"1":[89,2],"2":[32,0],"3":[7,2],"4":[76,0],"5":[75,1],"6":[85,2],"7":[84,1],"8":[83,1],"9":[81,1],"10":[3,1],"11":[2,1],"12":[3,0],"13":[5,1],"14":[5,1],"15":[26,0],"16":[24,2],"17":[25,1],"18":[13,13],"19":[12,0],"20":[7,6],"21":[5,2],"22":[5,1],"23":[5,0],"24":[8,1],"25":[7,1],"26":[2,5],"27":[4,1],"28":[8,14],"29":[27,0],"30":[27,0],"31":[93,0],"32":[78,93],"33":[1,33]},"f":{"1":91,"2":32,"3":9,"4":76,"5":85,"6":4,"7":6,"8":26,"9":7,"10":22,"11":27,"12":93,"13":171,"14":34,"15":1},"fnMap":{"1":{"name":"atStageOrderplacement","line":21,"loc":{"start":{"line":21,"column":4},"end":{"line":27,"column":4}}},"2":{"name":"atStageSolutionSubmission","line":29,"loc":{"start":{"line":29,"column":4},"end":{"line":36,"column":4}}},"3":{"name":"atStageFinished","line":38,"loc":{"start":{"line":38,"column":4},"end":{"line":44,"column":4}}},"4":{"name":"initiateAuction","line":93,"loc":{"start":{"line":93,"column":4},"end":{"line":128,"column":4}}},"5":{"name":"placeSellOrders","line":135,"loc":{"start":{"line":130,"column":4},"end":{"line":183,"column":4}}},"6":{"name":"cancelSellOrders","line":189,"loc":{"start":{"line":185,"column":4},"end":{"line":221,"column":4}}},"7":{"name":"precalculateSellAmountSum","line":226,"loc":{"start":{"line":223,"column":4},"end":{"line":256,"column":4}}},"8":{"name":"verifyPrice","line":260,"loc":{"start":{"line":258,"column":4},"end":{"line":345,"column":4}}},"9":{"name":"claimFromParticipantOrder","line":353,"loc":{"start":{"line":347,"column":4},"end":{"line":392,"column":4}}},"10":{"name":"claimAuctioneerFunds","line":394,"loc":{"start":{"line":394,"column":4},"end":{"line":418,"column":4}}},"11":{"name":"sendOutTokens","line":420,"loc":{"start":{"line":420,"column":4},"end":{"line":441,"column":4}}},"12":{"name":"registerUser","line":443,"loc":{"start":{"line":443,"column":4},"end":{"line":451,"column":4}}},"13":{"name":"getUserId","line":453,"loc":{"start":{"line":453,"column":4},"end":{"line":459,"column":4}}},"14":{"name":"getSecondsRemainingInBatch","line":461,"loc":{"start":{"line":461,"column":4},"end":{"line":470,"column":4}}},"15":{"name":"containsOrder","line":472,"loc":{"start":{"line":472,"column":4},"end":{"line":478,"column":4}}}},"statementMap":{"1":{"start":{"line":22,"column":8},"end":{"line":22,"column":850}},"2":{"start":{"line":30,"column":8},"end":{"line":30,"column":1074}},"3":{"start":{"line":39,"column":8},"end":{"line":39,"column":1369}},"4":{"start":{"line":101,"column":8},"end":{"line":101,"column":45}},"5":{"start":{"line":102,"column":8},"end":{"line":102,"column":3156}},"6":{"start":{"line":106,"column":8},"end":{"line":106,"column":3303}},"7":{"start":{"line":111,"column":8},"end":{"line":111,"column":3468}},"8":{"start":{"line":126,"column":8},"end":{"line":126,"column":62}},"9":{"start":{"line":127,"column":8},"end":{"line":127,"column":29}},"10":{"start":{"line":136,"column":8},"end":{"line":136,"column":4267}},"11":{"start":{"line":141,"column":8},"end":{"line":141,"column":36}},"12":{"start":{"line":142,"column":8},"end":{"line":142,"column":45}},"13":{"start":{"line":143,"column":8},"end":{"line":143,"column":4488}},"14":{"start":{"line":144,"column":12},"end":{"line":144,"column":4558}},"15":{"start":{"line":151,"column":12},"end":{"line":151,"column":4922}},"16":{"start":{"line":156,"column":12},"end":{"line":156,"column":5104}},"17":{"start":{"line":165,"column":12},"end":{"line":165,"column":5425}},"18":{"start":{"line":166,"column":16},"end":{"line":166,"column":71}},"19":{"start":{"line":167,"column":16},"end":{"line":167,"column":5535}},"20":{"start":{"line":175,"column":8},"end":{"line":175,"column":5730}},"21":{"start":{"line":190,"column":8},"end":{"line":190,"column":45}},"22":{"start":{"line":191,"column":8},"end":{"line":191,"column":35}},"23":{"start":{"line":192,"column":8},"end":{"line":192,"column":6241}},"24":{"start":{"line":193,"column":12},"end":{"line":193,"column":6340}},"25":{"start":{"line":198,"column":12},"end":{"line":198,"column":6485}},"26":{"start":{"line":202,"column":12},"end":{"line":202,"column":6615}},"27":{"start":{"line":205,"column":16},"end":{"line":205,"column":70}},"28":{"start":{"line":206,"column":16},"end":{"line":206,"column":6811}},"29":{"start":{"line":214,"column":8},"end":{"line":214,"column":7015}},"30":{"start":{"line":227,"column":8},"end":{"line":227,"column":7431}},"31":{"start":{"line":231,"column":8},"end":{"line":231,"column":75}},"32":{"start":{"line":232,"column":8},"end":{"line":232,"column":63}},"33":{"start":{"line":233,"column":8},"end":{"line":233,"column":7685}},"34":{"start":{"line":234,"column":12},"end":{"line":234,"column":58}},"35":{"start":{"line":237,"column":8},"end":{"line":237,"column":7796}},"36":{"start":{"line":238,"column":12},"end":{"line":238,"column":60}},"37":{"start":{"line":239,"column":12},"end":{"line":239,"column":67}},"38":{"start":{"line":240,"column":12},"end":{"line":240,"column":62}},"39":{"start":{"line":246,"column":8},"end":{"line":246,"column":8287}},"40":{"start":{"line":248,"column":8},"end":{"line":248,"column":8359}},"41":{"start":{"line":254,"column":8},"end":{"line":254,"column":66}},"42":{"start":{"line":255,"column":8},"end":{"line":255,"column":54}},"43":{"start":{"line":262,"column":8},"end":{"line":262,"column":8808}},"44":{"start":{"line":264,"column":8},"end":{"line":264,"column":8939}},"45":{"start":{"line":267,"column":8},"end":{"line":267,"column":59}},"46":{"start":{"line":270,"column":8},"end":{"line":270,"column":75}},"47":{"start":{"line":271,"column":8},"end":{"line":271,"column":63}},"48":{"start":{"line":272,"column":8},"end":{"line":272,"column":9291}},"49":{"start":{"line":273,"column":12},"end":{"line":273,"column":58}},"50":{"start":{"line":275,"column":8},"end":{"line":275,"column":9401}},"51":{"start":{"line":276,"column":12},"end":{"line":276,"column":60}},"52":{"start":{"line":277,"column":12},"end":{"line":277,"column":9518}},"53":{"start":{"line":278,"column":16},"end":{"line":278,"column":71}},"54":{"start":{"line":279,"column":16},"end":{"line":279,"column":66}},"55":{"start":{"line":280,"column":16},"end":{"line":280,"column":64}},"56":{"start":{"line":283,"column":8},"end":{"line":283,"column":9875}},"57":{"start":{"line":285,"column":8},"end":{"line":285,"column":9916}},"58":{"start":{"line":292,"column":12},"end":{"line":292,"column":67}},"59":{"start":{"line":293,"column":12},"end":{"line":293,"column":73}},"60":{"start":{"line":294,"column":12},"end":{"line":294,"column":10539}},"61":{"start":{"line":297,"column":12},"end":{"line":297,"column":10705}},"62":{"start":{"line":302,"column":12},"end":{"line":302,"column":64}},"63":{"start":{"line":304,"column":12},"end":{"line":304,"column":10980}},"64":{"start":{"line":309,"column":16},"end":{"line":309,"column":11319}},"65":{"start":{"line":314,"column":16},"end":{"line":314,"column":11545}},"66":{"start":{"line":317,"column":16},"end":{"line":317,"column":11671}},"67":{"start":{"line":330,"column":16},"end":{"line":330,"column":64}},"68":{"start":{"line":331,"column":16},"end":{"line":331,"column":12386}},"69":{"start":{"line":335,"column":16},"end":{"line":335,"column":12528}},"70":{"start":{"line":343,"column":8},"end":{"line":343,"column":72}},"71":{"start":{"line":344,"column":8},"end":{"line":344,"column":38}},"72":{"start":{"line":356,"column":8},"end":{"line":356,"column":59}},"73":{"start":{"line":357,"column":8},"end":{"line":357,"column":13265}},"74":{"start":{"line":359,"column":8},"end":{"line":359,"column":53}},"75":{"start":{"line":360,"column":8},"end":{"line":360,"column":13391}},"76":{"start":{"line":361,"column":12},"end":{"line":361,"column":13453}},"77":{"start":{"line":365,"column":12},"end":{"line":365,"column":13639}},"78":{"start":{"line":367,"column":12},"end":{"line":367,"column":13725}},"79":{"start":{"line":371,"column":12},"end":{"line":371,"column":13854}},"80":{"start":{"line":372,"column":16},"end":{"line":372,"column":13921}},"81":{"start":{"line":377,"column":16},"end":{"line":377,"column":14142}},"82":{"start":{"line":381,"column":16},"end":{"line":381,"column":14310}},"83":{"start":{"line":382,"column":20},"end":{"line":382,"column":14391}},"84":{"start":{"line":386,"column":20},"end":{"line":386,"column":72}},"85":{"start":{"line":389,"column":12},"end":{"line":389,"column":75}},"86":{"start":{"line":391,"column":8},"end":{"line":391,"column":78}},"87":{"start":{"line":398,"column":8},"end":{"line":398,"column":15041}},"88":{"start":{"line":400,"column":8},"end":{"line":400,"column":62}},"89":{"start":{"line":401,"column":8},"end":{"line":401,"column":15244}},"90":{"start":{"line":403,"column":8},"end":{"line":403,"column":15315}},"91":{"start":{"line":405,"column":12},"end":{"line":405,"column":15480}},"92":{"start":{"line":408,"column":12},"end":{"line":408,"column":15628}},"93":{"start":{"line":413,"column":12},"end":{"line":413,"column":15793}},"94":{"start":{"line":417,"column":8},"end":{"line":417,"column":78}},"95":{"start":{"line":426,"column":8},"end":{"line":426,"column":66}},"96":{"start":{"line":427,"column":8},"end":{"line":427,"column":16223}},"97":{"start":{"line":434,"column":8},"end":{"line":434,"column":16432}},"98":{"start":{"line":444,"column":8},"end":{"line":444,"column":16718}},"99":{"start":{"line":448,"column":8},"end":{"line":448,"column":24}},"100":{"start":{"line":449,"column":8},"end":{"line":449,"column":44}},"101":{"start":{"line":450,"column":8},"end":{"line":450,"column":43}},"102":{"start":{"line":454,"column":8},"end":{"line":454,"column":17032}},"103":{"start":{"line":455,"column":12},"end":{"line":455,"column":46}},"104":{"start":{"line":457,"column":12},"end":{"line":457,"column":37}},"105":{"start":{"line":466,"column":8},"end":{"line":466,"column":17320}},"106":{"start":{"line":467,"column":12},"end":{"line":467,"column":20}},"107":{"start":{"line":469,"column":8},"end":{"line":469,"column":73}},"108":{"start":{"line":477,"column":8},"end":{"line":477,"column":52}}},"branchMap":{"1":{"line":22,"type":"if","locations":[{"start":{"line":22,"column":8},"end":{"line":22,"column":8}},{"start":{"line":22,"column":8},"end":{"line":22,"column":8}}]},"2":{"line":30,"type":"if","locations":[{"start":{"line":30,"column":8},"end":{"line":30,"column":8}},{"start":{"line":30,"column":8},"end":{"line":30,"column":8}}]},"3":{"line":39,"type":"if","locations":[{"start":{"line":39,"column":8},"end":{"line":39,"column":8}},{"start":{"line":39,"column":8},"end":{"line":39,"column":8}}]},"4":{"line":102,"type":"if","locations":[{"start":{"line":102,"column":8},"end":{"line":102,"column":8}},{"start":{"line":102,"column":8},"end":{"line":102,"column":8}}]},"5":{"line":106,"type":"if","locations":[{"start":{"line":106,"column":8},"end":{"line":106,"column":8}},{"start":{"line":106,"column":8},"end":{"line":106,"column":8}}]},"6":{"line":144,"type":"if","locations":[{"start":{"line":144,"column":12},"end":{"line":144,"column":12}},{"start":{"line":144,"column":12},"end":{"line":144,"column":12}}]},"7":{"line":151,"type":"if","locations":[{"start":{"line":151,"column":12},"end":{"line":151,"column":12}},{"start":{"line":151,"column":12},"end":{"line":151,"column":12}}]},"8":{"line":165,"type":"if","locations":[{"start":{"line":165,"column":12},"end":{"line":165,"column":12}},{"start":{"line":165,"column":12},"end":{"line":165,"column":12}}]},"9":{"line":175,"type":"if","locations":[{"start":{"line":175,"column":8},"end":{"line":175,"column":8}},{"start":{"line":175,"column":8},"end":{"line":175,"column":8}}]},"10":{"line":198,"type":"if","locations":[{"start":{"line":198,"column":12},"end":{"line":198,"column":12}},{"start":{"line":198,"column":12},"end":{"line":198,"column":12}}]},"11":{"line":202,"type":"if","locations":[{"start":{"line":202,"column":12},"end":{"line":202,"column":12}},{"start":{"line":202,"column":12},"end":{"line":202,"column":12}}]},"12":{"line":214,"type":"if","locations":[{"start":{"line":214,"column":8},"end":{"line":214,"column":8}},{"start":{"line":214,"column":8},"end":{"line":214,"column":8}}]},"13":{"line":233,"type":"if","locations":[{"start":{"line":233,"column":8},"end":{"line":233,"column":8}},{"start":{"line":233,"column":8},"end":{"line":233,"column":8}}]},"14":{"line":248,"type":"if","locations":[{"start":{"line":248,"column":8},"end":{"line":248,"column":8}},{"start":{"line":248,"column":8},"end":{"line":248,"column":8}}]},"15":{"line":267,"type":"if","locations":[{"start":{"line":267,"column":8},"end":{"line":267,"column":8}},{"start":{"line":267,"column":8},"end":{"line":267,"column":8}}]},"16":{"line":272,"type":"if","locations":[{"start":{"line":272,"column":8},"end":{"line":272,"column":8}},{"start":{"line":272,"column":8},"end":{"line":272,"column":8}}]},"17":{"line":275,"type":"if","locations":[{"start":{"line":275,"column":8},"end":{"line":275,"column":8}},{"start":{"line":275,"column":8},"end":{"line":275,"column":8}}]},"18":{"line":285,"type":"if","locations":[{"start":{"line":285,"column":8},"end":{"line":285,"column":8}},{"start":{"line":285,"column":8},"end":{"line":285,"column":8}}]},"19":{"line":297,"type":"if","locations":[{"start":{"line":297,"column":12},"end":{"line":297,"column":12}},{"start":{"line":297,"column":12},"end":{"line":297,"column":12}}]},"20":{"line":304,"type":"if","locations":[{"start":{"line":304,"column":12},"end":{"line":304,"column":12}},{"start":{"line":304,"column":12},"end":{"line":304,"column":12}}]},"21":{"line":309,"type":"if","locations":[{"start":{"line":309,"column":16},"end":{"line":309,"column":16}},{"start":{"line":309,"column":16},"end":{"line":309,"column":16}}]},"22":{"line":331,"type":"if","locations":[{"start":{"line":331,"column":16},"end":{"line":331,"column":16}},{"start":{"line":331,"column":16},"end":{"line":331,"column":16}}]},"23":{"line":335,"type":"if","locations":[{"start":{"line":335,"column":16},"end":{"line":335,"column":16}},{"start":{"line":335,"column":16},"end":{"line":335,"column":16}}]},"24":{"line":361,"type":"if","locations":[{"start":{"line":361,"column":12},"end":{"line":361,"column":12}},{"start":{"line":361,"column":12},"end":{"line":361,"column":12}}]},"25":{"line":367,"type":"if","locations":[{"start":{"line":367,"column":12},"end":{"line":367,"column":12}},{"start":{"line":367,"column":12},"end":{"line":367,"column":12}}]},"26":{"line":371,"type":"if","locations":[{"start":{"line":371,"column":12},"end":{"line":371,"column":12}},{"start":{"line":371,"column":12},"end":{"line":371,"column":12}}]},"27":{"line":381,"type":"if","locations":[{"start":{"line":381,"column":16},"end":{"line":381,"column":16}},{"start":{"line":381,"column":16},"end":{"line":381,"column":16}}]},"28":{"line":403,"type":"if","locations":[{"start":{"line":403,"column":8},"end":{"line":403,"column":8}},{"start":{"line":403,"column":8},"end":{"line":403,"column":8}}]},"29":{"line":427,"type":"if","locations":[{"start":{"line":427,"column":8},"end":{"line":427,"column":8}},{"start":{"line":427,"column":8},"end":{"line":427,"column":8}}]},"30":{"line":434,"type":"if","locations":[{"start":{"line":434,"column":8},"end":{"line":434,"column":8}},{"start":{"line":434,"column":8},"end":{"line":434,"column":8}}]},"31":{"line":444,"type":"if","locations":[{"start":{"line":444,"column":8},"end":{"line":444,"column":8}},{"start":{"line":444,"column":8},"end":{"line":444,"column":8}}]},"32":{"line":454,"type":"if","locations":[{"start":{"line":454,"column":8},"end":{"line":454,"column":8}},{"start":{"line":454,"column":8},"end":{"line":454,"column":8}}]},"33":{"line":466,"type":"if","locations":[{"start":{"line":466,"column":8},"end":{"line":466,"column":8}},{"start":{"line":466,"column":8},"end":{"line":466,"column":8}}]}}},"contracts/libraries/IdToAddressBiMap.sol":{"l":{"11":27,"19":249,"27":27,"28":27,"36":78,"37":78,"45":93,"46":93,"48":93,"52":0,"54":93,"55":93,"56":93},"path":"/Users/alexherrmann/easyAuction/contracts/libraries/IdToAddressBiMap.sol","s":{"1":27,"2":249,"3":27,"4":27,"5":78,"6":78,"7":93,"8":93,"9":93,"10":0,"11":93,"12":93,"13":93},"b":{"1":[27,0],"2":[78,0],"3":[93,0],"4":[93,0],"5":[0,93]},"f":{"1":27,"2":249,"3":27,"4":78,"5":93},"fnMap":{"1":{"name":"hasId","line":10,"loc":{"start":{"line":10,"column":4},"end":{"line":12,"column":4}}},"2":{"name":"hasAddress","line":14,"loc":{"start":{"line":14,"column":4},"end":{"line":20,"column":4}}},"3":{"name":"getAddressAt","line":22,"loc":{"start":{"line":22,"column":4},"end":{"line":29,"column":4}}},"4":{"name":"getId","line":31,"loc":{"start":{"line":31,"column":4},"end":{"line":38,"column":4}}},"5":{"name":"insert","line":40,"loc":{"start":{"line":40,"column":4},"end":{"line":57,"column":4}}}},"statementMap":{"1":{"start":{"line":11,"column":8},"end":{"line":11,"column":53}},"2":{"start":{"line":19,"column":8},"end":{"line":19,"column":42}},"3":{"start":{"line":27,"column":8},"end":{"line":27,"column":62}},"4":{"start":{"line":28,"column":8},"end":{"line":28,"column":39}},"5":{"start":{"line":36,"column":8},"end":{"line":36,"column":69}},"6":{"start":{"line":37,"column":8},"end":{"line":37,"column":41}},"7":{"start":{"line":45,"column":8},"end":{"line":45,"column":64}},"8":{"start":{"line":46,"column":8},"end":{"line":46,"column":60}},"9":{"start":{"line":48,"column":8},"end":{"line":48,"column":1307}},"10":{"start":{"line":52,"column":12},"end":{"line":52,"column":24}},"11":{"start":{"line":54,"column":8},"end":{"line":54,"column":38}},"12":{"start":{"line":55,"column":8},"end":{"line":55,"column":38}},"13":{"start":{"line":56,"column":8},"end":{"line":56,"column":19}}},"branchMap":{"1":{"line":27,"type":"if","locations":[{"start":{"line":27,"column":8},"end":{"line":27,"column":8}},{"start":{"line":27,"column":8},"end":{"line":27,"column":8}}]},"2":{"line":36,"type":"if","locations":[{"start":{"line":36,"column":8},"end":{"line":36,"column":8}},{"start":{"line":36,"column":8},"end":{"line":36,"column":8}}]},"3":{"line":45,"type":"if","locations":[{"start":{"line":45,"column":8},"end":{"line":45,"column":8}},{"start":{"line":45,"column":8},"end":{"line":45,"column":8}}]},"4":{"line":46,"type":"if","locations":[{"start":{"line":46,"column":8},"end":{"line":46,"column":8}},{"start":{"line":46,"column":8},"end":{"line":46,"column":8}}]},"5":{"line":48,"type":"if","locations":[{"start":{"line":48,"column":8},"end":{"line":48,"column":8}},{"start":{"line":48,"column":8},"end":{"line":48,"column":8}}]}}},"contracts/libraries/IterableOrderedOrderSet.sol":{"l":{"35":118,"36":118,"38":117,"39":3,"41":114,"42":114,"43":50,"44":50,"46":64,"51":64,"52":64,"53":171,"54":170,"59":62,"60":62,"61":62,"62":62,"64":107,"69":1,"73":112,"74":112,"82":19,"83":3,"85":16,"86":16,"87":8,"88":1,"90":7,"92":15,"93":15,"94":15,"95":15,"103":145,"104":4,"106":141,"114":398,"119":398,"125":398,"129":105,"134":31,"138":30,"139":28,"141":2,"145":8,"146":7,"154":83,"158":83,"162":82,"174":1195,"175":1195,"176":1195,"184":165},"path":"/Users/alexherrmann/easyAuction/contracts/libraries/IterableOrderedOrderSet.sol","s":{"1":118,"2":118,"3":117,"4":3,"5":114,"6":114,"7":50,"8":50,"9":64,"10":64,"11":64,"12":171,"13":170,"14":62,"15":62,"16":62,"17":62,"18":107,"19":1,"20":112,"21":19,"22":3,"23":16,"24":16,"25":8,"26":1,"27":7,"28":15,"29":15,"30":15,"31":145,"32":4,"33":141,"34":398,"35":398,"36":398,"37":293,"38":105,"39":74,"40":31,"41":30,"42":28,"43":2,"44":8,"45":7,"46":83,"47":83,"48":82,"49":1195,"50":1195,"51":1195,"52":165},"b":{"1":[117,1],"2":[3,114],"3":[50,64],"4":[64,0],"5":[170,1],"6":[62,107],"7":[3,16],"8":[1,7],"9":[4,141],"10":[293,105],"11":[74,31],"12":[30,1],"13":[28,2],"14":[7,1],"15":[83,0],"16":[82,1]},"f":{"1":118,"2":19,"3":145,"4":398,"5":8,"6":83,"7":1195,"8":165},"fnMap":{"1":{"name":"insert","line":30,"loc":{"start":{"line":30,"column":4},"end":{"line":75,"column":4}}},"2":{"name":"remove","line":77,"loc":{"start":{"line":77,"column":4},"end":{"line":96,"column":4}}},"3":{"name":"contains","line":98,"loc":{"start":{"line":98,"column":4},"end":{"line":107,"column":4}}},"4":{"name":"smallerThan","line":109,"loc":{"start":{"line":109,"column":4},"end":{"line":142,"column":4}}},"5":{"name":"first","line":144,"loc":{"start":{"line":144,"column":4},"end":{"line":147,"column":4}}},"6":{"name":"next","line":149,"loc":{"start":{"line":149,"column":4},"end":{"line":163,"column":4}}},"7":{"name":"decodeOrder","line":165,"loc":{"start":{"line":165,"column":4},"end":{"line":177,"column":4}}},"8":{"name":"encodeOrder","line":179,"loc":{"start":{"line":179,"column":4},"end":{"line":192,"column":4}}}},"statementMap":{"1":{"start":{"line":35,"column":8},"end":{"line":35,"column":63}},"2":{"start":{"line":36,"column":8},"end":{"line":36,"column":75}},"3":{"start":{"line":38,"column":8},"end":{"line":38,"column":1173}},"4":{"start":{"line":39,"column":12},"end":{"line":39,"column":24}},"5":{"start":{"line":41,"column":8},"end":{"line":41,"column":34}},"6":{"start":{"line":42,"column":8},"end":{"line":42,"column":1292}},"7":{"start":{"line":43,"column":12},"end":{"line":43,"column":54}},"8":{"start":{"line":44,"column":12},"end":{"line":44,"column":52}},"9":{"start":{"line":46,"column":12},"end":{"line":46,"column":1459}},"10":{"start":{"line":51,"column":12},"end":{"line":51,"column":63}},"11":{"start":{"line":52,"column":12},"end":{"line":52,"column":1726}},"12":{"start":{"line":53,"column":16},"end":{"line":53,"column":1771}},"13":{"start":{"line":54,"column":20},"end":{"line":54,"column":1854}},"14":{"start":{"line":59,"column":24},"end":{"line":59,"column":74}},"15":{"start":{"line":60,"column":24},"end":{"line":60,"column":77}},"16":{"start":{"line":61,"column":24},"end":{"line":61,"column":58}},"17":{"start":{"line":62,"column":24},"end":{"line":62,"column":43}},"18":{"start":{"line":64,"column":24},"end":{"line":64,"column":2348}},"19":{"start":{"line":69,"column":20},"end":{"line":69,"column":32}},"20":{"start":{"line":74,"column":8},"end":{"line":74,"column":19}},"21":{"start":{"line":82,"column":8},"end":{"line":82,"column":2815}},"22":{"start":{"line":83,"column":12},"end":{"line":83,"column":24}},"23":{"start":{"line":85,"column":8},"end":{"line":85,"column":63}},"24":{"start":{"line":86,"column":8},"end":{"line":86,"column":2964}},"25":{"start":{"line":87,"column":12},"end":{"line":87,"column":3048}},"26":{"start":{"line":88,"column":16},"end":{"line":88,"column":28}},"27":{"start":{"line":90,"column":12},"end":{"line":90,"column":76}},"28":{"start":{"line":92,"column":8},"end":{"line":92,"column":77}},"29":{"start":{"line":93,"column":8},"end":{"line":93,"column":49}},"30":{"start":{"line":95,"column":8},"end":{"line":95,"column":19}},"31":{"start":{"line":103,"column":8},"end":{"line":103,"column":3526}},"32":{"start":{"line":104,"column":12},"end":{"line":104,"column":24}},"33":{"start":{"line":106,"column":8},"end":{"line":106,"column":48}},"34":{"start":{"line":114,"column":8},"end":{"line":114,"column":3826}},"35":{"start":{"line":119,"column":8},"end":{"line":119,"column":3983}},"36":{"start":{"line":125,"column":8},"end":{"line":125,"column":4130}},"37":{"start":{"line":128,"column":10},"end":{"line":128,"column":21}},"38":{"start":{"line":129,"column":8},"end":{"line":129,"column":4285}},"39":{"start":{"line":132,"column":10},"end":{"line":132,"column":22}},"40":{"start":{"line":134,"column":8},"end":{"line":134,"column":4427}},"41":{"start":{"line":138,"column":8},"end":{"line":138,"column":4554}},"42":{"start":{"line":139,"column":12},"end":{"line":139,"column":23}},"43":{"start":{"line":141,"column":8},"end":{"line":141,"column":20}},"44":{"start":{"line":145,"column":8},"end":{"line":145,"column":67}},"45":{"start":{"line":146,"column":8},"end":{"line":146,"column":40}},"46":{"start":{"line":154,"column":8},"end":{"line":154,"column":4963}},"47":{"start":{"line":158,"column":8},"end":{"line":158,"column":5080}},"48":{"start":{"line":162,"column":8},"end":{"line":162,"column":34}},"49":{"start":{"line":174,"column":8},"end":{"line":174,"column":52}},"50":{"start":{"line":175,"column":8},"end":{"line":175,"column":65}},"51":{"start":{"line":176,"column":8},"end":{"line":176,"column":57}},"52":{"start":{"line":184,"column":8},"end":{"line":184,"column":5779}}},"branchMap":{"1":{"line":36,"type":"if","locations":[{"start":{"line":36,"column":8},"end":{"line":36,"column":8}},{"start":{"line":36,"column":8},"end":{"line":36,"column":8}}]},"2":{"line":38,"type":"if","locations":[{"start":{"line":38,"column":8},"end":{"line":38,"column":8}},{"start":{"line":38,"column":8},"end":{"line":38,"column":8}}]},"3":{"line":42,"type":"if","locations":[{"start":{"line":42,"column":8},"end":{"line":42,"column":8}},{"start":{"line":42,"column":8},"end":{"line":42,"column":8}}]},"4":{"line":46,"type":"if","locations":[{"start":{"line":46,"column":12},"end":{"line":46,"column":12}},{"start":{"line":46,"column":12},"end":{"line":46,"column":12}}]},"5":{"line":53,"type":"if","locations":[{"start":{"line":53,"column":16},"end":{"line":53,"column":16}},{"start":{"line":53,"column":16},"end":{"line":53,"column":16}}]},"6":{"line":54,"type":"if","locations":[{"start":{"line":54,"column":20},"end":{"line":54,"column":20}},{"start":{"line":54,"column":20},"end":{"line":54,"column":20}}]},"7":{"line":82,"type":"if","locations":[{"start":{"line":82,"column":8},"end":{"line":82,"column":8}},{"start":{"line":82,"column":8},"end":{"line":82,"column":8}}]},"8":{"line":87,"type":"if","locations":[{"start":{"line":87,"column":12},"end":{"line":87,"column":12}},{"start":{"line":87,"column":12},"end":{"line":87,"column":12}}]},"9":{"line":103,"type":"if","locations":[{"start":{"line":103,"column":8},"end":{"line":103,"column":8}},{"start":{"line":103,"column":8},"end":{"line":103,"column":8}}]},"10":{"line":125,"type":"if","locations":[{"start":{"line":125,"column":8},"end":{"line":125,"column":8}},{"start":{"line":125,"column":8},"end":{"line":125,"column":8}}]},"11":{"line":129,"type":"if","locations":[{"start":{"line":129,"column":8},"end":{"line":129,"column":8}},{"start":{"line":129,"column":8},"end":{"line":129,"column":8}}]},"12":{"line":134,"type":"if","locations":[{"start":{"line":134,"column":8},"end":{"line":134,"column":8}},{"start":{"line":134,"column":8},"end":{"line":134,"column":8}}]},"13":{"line":138,"type":"if","locations":[{"start":{"line":138,"column":8},"end":{"line":138,"column":8}},{"start":{"line":138,"column":8},"end":{"line":138,"column":8}}]},"14":{"line":145,"type":"if","locations":[{"start":{"line":145,"column":8},"end":{"line":145,"column":8}},{"start":{"line":145,"column":8},"end":{"line":145,"column":8}}]},"15":{"line":154,"type":"if","locations":[{"start":{"line":154,"column":8},"end":{"line":154,"column":8}},{"start":{"line":154,"column":8},"end":{"line":154,"column":8}}]},"16":{"line":158,"type":"if","locations":[{"start":{"line":158,"column":8},"end":{"line":158,"column":8}},{"start":{"line":158,"column":8},"end":{"line":158,"column":8}}]}}},"contracts/test/ERC20Mintable.sol":{"l":{"12":172},"path":"/Users/alexherrmann/easyAuction/contracts/test/ERC20Mintable.sol","s":{"1":172},"b":{},"f":{"1":252,"2":172},"fnMap":{"1":{"name":"constructor","line":8,"loc":{"start":{"line":6,"column":4},"end":{"line":9,"column":5}}},"2":{"name":"mint","line":11,"loc":{"start":{"line":11,"column":4},"end":{"line":13,"column":4}}}},"statementMap":{"1":{"start":{"line":12,"column":8},"end":{"line":12,"column":29}}},"branchMap":{}},"contracts/test/IterableOrderedOrderSetWrapper.sol":{"l":{"11":32,"15":2,"19":5,"23":2,"27":6,"31":4,"35":6,"39":8,"43":10,"55":1,"63":1,"72":0},"path":"/Users/alexherrmann/easyAuction/contracts/test/IterableOrderedOrderSetWrapper.sol","s":{"1":32,"2":2,"3":5,"4":2,"5":6,"6":4,"7":6,"8":8,"9":10,"10":1,"11":1,"12":0},"b":{},"f":{"1":32,"2":2,"3":5,"4":2,"5":6,"6":4,"7":6,"8":8,"9":10,"10":1,"11":1,"12":0},"fnMap":{"1":{"name":"insert","line":10,"loc":{"start":{"line":10,"column":4},"end":{"line":12,"column":4}}},"2":{"name":"insertAt","line":14,"loc":{"start":{"line":14,"column":4},"end":{"line":16,"column":4}}},"3":{"name":"remove","line":18,"loc":{"start":{"line":18,"column":4},"end":{"line":20,"column":4}}},"4":{"name":"removeAt","line":22,"loc":{"start":{"line":22,"column":4},"end":{"line":24,"column":4}}},"5":{"name":"contains","line":26,"loc":{"start":{"line":26,"column":4},"end":{"line":28,"column":4}}},"6":{"name":"isEmpty","line":30,"loc":{"start":{"line":30,"column":4},"end":{"line":32,"column":4}}},"7":{"name":"size","line":34,"loc":{"start":{"line":34,"column":4},"end":{"line":36,"column":4}}},"8":{"name":"first","line":38,"loc":{"start":{"line":38,"column":4},"end":{"line":40,"column":4}}},"9":{"name":"next","line":42,"loc":{"start":{"line":42,"column":4},"end":{"line":44,"column":4}}},"10":{"name":"decodeOrder","line":46,"loc":{"start":{"line":46,"column":4},"end":{"line":56,"column":4}}},"11":{"name":"encodeOrder","line":58,"loc":{"start":{"line":58,"column":4},"end":{"line":65,"column":4}}},"12":{"name":"smallerThan","line":67,"loc":{"start":{"line":67,"column":4},"end":{"line":73,"column":4}}}},"statementMap":{"1":{"start":{"line":11,"column":8},"end":{"line":11,"column":70}},"2":{"start":{"line":15,"column":8},"end":{"line":15,"column":37}},"3":{"start":{"line":19,"column":8},"end":{"line":19,"column":70}},"4":{"start":{"line":23,"column":8},"end":{"line":23,"column":37}},"5":{"start":{"line":27,"column":8},"end":{"line":27,"column":35}},"6":{"start":{"line":31,"column":8},"end":{"line":31,"column":29}},"7":{"start":{"line":35,"column":8},"end":{"line":35,"column":24}},"8":{"start":{"line":39,"column":8},"end":{"line":39,"column":27}},"9":{"start":{"line":43,"column":8},"end":{"line":43,"column":31}},"10":{"start":{"line":55,"column":8},"end":{"line":55,"column":57}},"11":{"start":{"line":63,"column":8},"end":{"line":63,"column":1726}},"12":{"start":{"line":72,"column":8},"end":{"line":72,"column":73}}},"branchMap":{}}}