{
"contracts/EasyAuction.sol":{"l":{"14":0,"15":0},"path":"/Users/alexherrmann/easyAuction/contracts/EasyAuction.sol","s":{"1":0,"2":0},"b":{},"f":{"1":0},"fnMap":{"1":{"name":"constructor","line":13,"loc":{"start":{"line":13,"column":2},"end":{"line":13,"column":55}}}},"statementMap":{"1":{"start":{"line":14,"column":4},"end":{"line":14,"column":25}},"2":{"start":{"line":15,"column":4},"end":{"line":15,"column":23}}},"branchMap":{}},
"contracts/libraries/IterableOrderedOrderSet.sol":{"l":{"25":39,"33":36,"35":36,"39":34,"40":32,"42":30,"43":2,"45":28,"46":28,"47":14,"48":14,"50":14,"51":14,"52":25,"53":24,"54":13,"55":13,"56":13,"57":13,"59":11,"62":1,"66":27,"67":27,"75":7,"76":1,"78":6,"79":6,"80":5,"81":1,"83":4,"85":5,"86":5,"87":5,"88":5,"92":85,"93":85,"101":43,"102":4,"104":39,"108":8,"109":7,"117":9,"118":9,"122":8,"135":85,"136":85,"137":85},"path":"/Users/alexherrmann/easyAuction/contracts/libraries/IterableOrderedOrderSet.sol","s":{"1":39,"2":36,"3":36,"4":34,"5":32,"6":30,"7":2,"8":28,"9":28,"10":14,"11":14,"12":14,"13":14,"14":25,"15":24,"16":13,"17":13,"18":13,"19":13,"20":11,"21":1,"22":27,"23":7,"24":1,"25":6,"26":6,"27":5,"28":1,"29":4,"30":5,"31":5,"32":5,"33":85,"34":85,"35":43,"36":4,"37":39,"38":8,"39":7,"40":9,"41":9,"42":8,"43":85,"44":85,"45":85},"b":{"1":[34,2],"2":[32,2],"3":[30,2],"4":[2,28],"5":[14,14],"6":[24,1],"7":[13,11],"8":[1,6],"9":[1,4],"10":[4,39],"11":[7,1],"12":[9,0],"13":[8,1]},"f":{"1":39,"2":36,"3":7,"4":85,"5":43,"6":8,"7":9,"8":85},"fnMap":{"1":{"name":"get_queue_start_bytes32","line":24,"loc":{"start":{"line":24,"column":2},"end":{"line":24,"column":68}}},"2":{"name":"insert","line":28,"loc":{"start":{"line":28,"column":2},"end":{"line":32,"column":27}}},"3":{"name":"remove","line":70,"loc":{"start":{"line":70,"column":2},"end":{"line":74,"column":29}}},"4":{"name":"getValue","line":91,"loc":{"start":{"line":91,"column":2},"end":{"line":91,"column":65}}},"5":{"name":"contains","line":96,"loc":{"start":{"line":96,"column":2},"end":{"line":100,"column":3}}},"6":{"name":"first","line":107,"loc":{"start":{"line":107,"column":2},"end":{"line":107,"column":67}}},"7":{"name":"next","line":112,"loc":{"start":{"line":112,"column":2},"end":{"line":116,"column":3}}},"8":{"name":"decodeOrder","line":125,"loc":{"start":{"line":125,"column":2},"end":{"line":133,"column":3}}}},"statementMap":{"1":{"start":{"line":25,"column":4},"end":{"line":25,"column":22}},"2":{"start":{"line":33,"column":4},"end":{"line":33,"column":51}},"3":{"start":{"line":35,"column":4},"end":{"line":35,"column":938}},"4":{"start":{"line":39,"column":4},"end":{"line":39,"column":78}},"5":{"start":{"line":40,"column":4},"end":{"line":40,"column":76}},"6":{"start":{"line":42,"column":4},"end":{"line":42,"column":1200}},"7":{"start":{"line":43,"column":6},"end":{"line":43,"column":18}},"8":{"start":{"line":45,"column":4},"end":{"line":45,"column":30}},"9":{"start":{"line":46,"column":4},"end":{"line":46,"column":1301}},"10":{"start":{"line":47,"column":6},"end":{"line":47,"column":48}},"11":{"start":{"line":48,"column":6},"end":{"line":48,"column":46}},"12":{"start":{"line":50,"column":6},"end":{"line":50,"column":57}},"13":{"start":{"line":51,"column":6},"end":{"line":51,"column":1503}},"14":{"start":{"line":52,"column":8},"end":{"line":52,"column":1538}},"15":{"start":{"line":53,"column":10},"end":{"line":53,"column":1605}},"16":{"start":{"line":54,"column":12},"end":{"line":54,"column":62}},"17":{"start":{"line":55,"column":12},"end":{"line":55,"column":65}},"18":{"start":{"line":56,"column":12},"end":{"line":56,"column":46}},"19":{"start":{"line":57,"column":12},"end":{"line":57,"column":31}},"20":{"start":{"line":59,"column":12},"end":{"line":59,"column":72}},"21":{"start":{"line":62,"column":10},"end":{"line":62,"column":22}},"22":{"start":{"line":67,"column":4},"end":{"line":67,"column":15}},"23":{"start":{"line":75,"column":4},"end":{"line":75,"column":2266}},"24":{"start":{"line":76,"column":6},"end":{"line":76,"column":18}},"25":{"start":{"line":78,"column":4},"end":{"line":78,"column":59}},"26":{"start":{"line":79,"column":4},"end":{"line":79,"column":2397}},"27":{"start":{"line":80,"column":6},"end":{"line":80,"column":2473}},"28":{"start":{"line":81,"column":8},"end":{"line":81,"column":20}},"29":{"start":{"line":83,"column":6},"end":{"line":83,"column":70}},"30":{"start":{"line":85,"column":4},"end":{"line":85,"column":73}},"31":{"start":{"line":86,"column":4},"end":{"line":86,"column":45}},"32":{"start":{"line":88,"column":4},"end":{"line":88,"column":15}},"33":{"start":{"line":92,"column":4},"end":{"line":92,"column":42}},"34":{"start":{"line":93,"column":4},"end":{"line":93,"column":15}},"35":{"start":{"line":101,"column":4},"end":{"line":101,"column":3025}},"36":{"start":{"line":102,"column":6},"end":{"line":102,"column":18}},"37":{"start":{"line":104,"column":4},"end":{"line":104,"column":44}},"38":{"start":{"line":108,"column":4},"end":{"line":108,"column":63}},"39":{"start":{"line":109,"column":4},"end":{"line":109,"column":36}},"40":{"start":{"line":117,"column":4},"end":{"line":117,"column":76}},"41":{"start":{"line":118,"column":4},"end":{"line":118,"column":3512}},"42":{"start":{"line":122,"column":4},"end":{"line":122,"column":30}},"43":{"start":{"line":135,"column":4},"end":{"line":135,"column":46}},"44":{"start":{"line":136,"column":4},"end":{"line":136,"column":56}},"45":{"start":{"line":137,"column":4},"end":{"line":137,"column":50}}},"branchMap":{"1":{"line":35,"type":"if","locations":[{"start":{"line":35,"column":4},"end":{"line":35,"column":4}},{"start":{"line":35,"column":4},"end":{"line":35,"column":4}}]},"2":{"line":39,"type":"if","locations":[{"start":{"line":39,"column":4},"end":{"line":39,"column":4}},{"start":{"line":39,"column":4},"end":{"line":39,"column":4}}]},"3":{"line":40,"type":"if","locations":[{"start":{"line":40,"column":4},"end":{"line":40,"column":4}},{"start":{"line":40,"column":4},"end":{"line":40,"column":4}}]},"4":{"line":42,"type":"if","locations":[{"start":{"line":42,"column":4},"end":{"line":42,"column":4}},{"start":{"line":42,"column":4},"end":{"line":42,"column":4}}]},"5":{"line":46,"type":"if","locations":[{"start":{"line":46,"column":4},"end":{"line":46,"column":4}},{"start":{"line":46,"column":4},"end":{"line":46,"column":4}}]},"6":{"line":52,"type":"if","locations":[{"start":{"line":52,"column":8},"end":{"line":52,"column":8}},{"start":{"line":52,"column":8},"end":{"line":52,"column":8}}]},"7":{"line":53,"type":"if","locations":[{"start":{"line":53,"column":10},"end":{"line":53,"column":10}},{"start":{"line":53,"column":10},"end":{"line":53,"column":10}}]},"8":{"line":75,"type":"if","locations":[{"start":{"line":75,"column":4},"end":{"line":75,"column":4}},{"start":{"line":75,"column":4},"end":{"line":75,"column":4}}]},"9":{"line":80,"type":"if","locations":[{"start":{"line":80,"column":6},"end":{"line":80,"column":6}},{"start":{"line":80,"column":6},"end":{"line":80,"column":6}}]},"10":{"line":101,"type":"if","locations":[{"start":{"line":101,"column":4},"end":{"line":101,"column":4}},{"start":{"line":101,"column":4},"end":{"line":101,"column":4}}]},"11":{"line":108,"type":"if","locations":[{"start":{"line":108,"column":4},"end":{"line":108,"column":4}},{"start":{"line":108,"column":4},"end":{"line":108,"column":4}}]},"12":{"line":117,"type":"if","locations":[{"start":{"line":117,"column":4},"end":{"line":117,"column":4}},{"start":{"line":117,"column":4},"end":{"line":117,"column":4}}]},"13":{"line":118,"type":"if","locations":[{"start":{"line":118,"column":4},"end":{"line":118,"column":4}},{"start":{"line":118,"column":4},"end":{"line":118,"column":4}}]}}},
"contracts/test/IterableOrderedOrderSetWrapper.sol":{"l":{"12":34,"17":2,"21":5,"26":2,"30":6,"34":4,"38":6,"42":8,"46":9},"path":"/Users/alexherrmann/easyAuction/contracts/test/IterableOrderedOrderSetWrapper.sol","s":{"1":34,"2":2,"3":5,"4":2,"5":6,"6":4,"7":6,"8":8,"9":9},"b":{},"f":{"1":34,"2":2,"3":5,"4":2,"5":6,"6":4,"7":6,"8":8,"9":9},"fnMap":{"1":{"name":"insert","line":11,"loc":{"start":{"line":11,"column":2},"end":{"line":11,"column":54}}},"2":{"name":"insertAt","line":16,"loc":{"start":{"line":16,"column":2},"end":{"line":16,"column":68}}},"3":{"name":"remove","line":20,"loc":{"start":{"line":20,"column":2},"end":{"line":20,"column":54}}},"4":{"name":"removeAt","line":25,"loc":{"start":{"line":25,"column":2},"end":{"line":25,"column":68}}},"5":{"name":"contains","line":29,"loc":{"start":{"line":29,"column":2},"end":{"line":29,"column":61}}},"6":{"name":"isEmpty","line":33,"loc":{"start":{"line":33,"column":2},"end":{"line":33,"column":47}}},"7":{"name":"size","line":37,"loc":{"start":{"line":37,"column":2},"end":{"line":37,"column":47}}},"8":{"name":"first","line":41,"loc":{"start":{"line":41,"column":2},"end":{"line":41,"column":48}}},"9":{"name":"next","line":45,"loc":{"start":{"line":45,"column":2},"end":{"line":45,"column":60}}}},"statementMap":{"1":{"start":{"line":12,"column":4},"end":{"line":12,"column":369}},"2":{"start":{"line":17,"column":4},"end":{"line":17,"column":33}},"3":{"start":{"line":21,"column":4},"end":{"line":21,"column":630}},"4":{"start":{"line":26,"column":4},"end":{"line":26,"column":33}},"5":{"start":{"line":30,"column":4},"end":{"line":30,"column":31}},"6":{"start":{"line":34,"column":4},"end":{"line":34,"column":25}},"7":{"start":{"line":38,"column":4},"end":{"line":38,"column":20}},"8":{"start":{"line":42,"column":4},"end":{"line":42,"column":23}},"9":{"start":{"line":46,"column":4},"end":{"line":46,"column":27}}},"branchMap":{}}}
