TN:
SF:/Users/alexherrmann/easyAuction/contracts/EasyAuction.sol
FN:13,constructor
FNF:1
FNH:0
FNDA:0,constructor
DA:14,0
DA:15,0
LF:2
LH:0
BRF:0
BRH:0
end_of_record
TN:
SF:/Users/alexherrmann/easyAuction/contracts/libraries/IterableOrderedOrderSet.sol
FN:24,get_queue_start_bytes32
FN:28,insert
FN:70,remove
FN:91,getValue
FN:96,contains
FN:107,first
FN:112,next
FN:125,decodeOrder
FNF:8
FNH:8
FNDA:39,get_queue_start_bytes32
FNDA:36,insert
FNDA:7,remove
FNDA:85,getValue
FNDA:43,contains
FNDA:8,first
FNDA:9,next
FNDA:85,decodeOrder
DA:25,39
DA:33,36
DA:35,36
DA:39,34
DA:40,32
DA:42,30
DA:43,2
DA:45,28
DA:46,28
DA:47,14
DA:48,14
DA:50,14
DA:51,14
DA:52,25
DA:53,24
DA:54,13
DA:55,13
DA:56,13
DA:57,13
DA:59,11
DA:62,1
DA:66,27
DA:67,27
DA:75,7
DA:76,1
DA:78,6
DA:79,6
DA:80,5
DA:81,1
DA:83,4
DA:85,5
DA:86,5
DA:87,5
DA:88,5
DA:92,85
DA:93,85
DA:101,43
DA:102,4
DA:104,39
DA:108,8
DA:109,7
DA:117,9
DA:118,9
DA:122,8
DA:135,85
DA:136,85
DA:137,85
LF:47
LH:47
BRDA:35,1,0,34
BRDA:35,1,1,2
BRDA:39,2,0,32
BRDA:39,2,1,2
BRDA:40,3,0,30
BRDA:40,3,1,2
BRDA:42,4,0,2
BRDA:42,4,1,28
BRDA:46,5,0,14
BRDA:46,5,1,14
BRDA:52,6,0,24
BRDA:52,6,1,1
BRDA:53,7,0,13
BRDA:53,7,1,11
BRDA:75,8,0,1
BRDA:75,8,1,6
BRDA:80,9,0,1
BRDA:80,9,1,4
BRDA:101,10,0,4
BRDA:101,10,1,39
BRDA:108,11,0,7
BRDA:108,11,1,1
BRDA:117,12,0,9
BRDA:117,12,1,0
BRDA:118,13,0,8
BRDA:118,13,1,1
BRF:26
BRH:25
end_of_record
TN:
SF:/Users/alexherrmann/easyAuction/contracts/test/IterableOrderedOrderSetWrapper.sol
FN:11,insert
FN:16,insertAt
FN:20,remove
FN:25,removeAt
FN:29,contains
FN:33,isEmpty
FN:37,size
FN:41,first
FN:45,next
FNF:9
FNH:9
FNDA:34,insert
FNDA:2,insertAt
FNDA:5,remove
FNDA:2,removeAt
FNDA:6,contains
FNDA:4,isEmpty
FNDA:6,size
FNDA:8,first
FNDA:9,next
DA:12,34
DA:17,2
DA:21,5
DA:26,2
DA:30,6
DA:34,4
DA:38,6
DA:42,8
DA:46,9
LF:9
LH:9
BRF:0
BRH:0
end_of_record
